[INFO] Scanning for projects...
[INFO] 
[INFO] -----------------< com.sharespace:sharespace-backend >------------------
[INFO] Building sharespace-backend 0.0.1-SNAPSHOT
[INFO]   from pom.xml
[INFO] --------------------------------[ jar ]---------------------------------
[INFO] 
[INFO] >>> spring-boot:3.5.5:run (default-cli) > test-compile @ sharespace-backend >>>
[INFO] 
[INFO] --- resources:3.3.1:resources (default-resources) @ sharespace-backend ---
[INFO] Copying 1 resource from src\main\resources to target\classes
[INFO] Copying 0 resource from src\main\resources to target\classes
[INFO] 
[INFO] --- compiler:3.14.0:compile (default-compile) @ sharespace-backend ---
[INFO] Nothing to compile - all classes are up to date.
[INFO] 
[INFO] --- resources:3.3.1:testResources (default-testResources) @ sharespace-backend ---
[INFO] skip non existing resourceDirectory C:\Users\harsh\Desktop\prjct\backend\src\test\resources
[INFO] 
[INFO] --- compiler:3.14.0:testCompile (default-testCompile) @ sharespace-backend ---
[INFO] Nothing to compile - all classes are up to date.
[INFO] 
[INFO] <<< spring-boot:3.5.5:run (default-cli) < test-compile @ sharespace-backend <<<
[INFO] 
[INFO] 
[INFO] --- spring-boot:3.5.5:run (default-cli) @ sharespace-backend ---
[INFO] Attaching agents: []

  .   ____          _            __ _ _
 /\\ / ___'_ __ _ _(_)_ __  __ _ \ \ \ \
( ( )\___ | '_ | '_| | '_ \/ _` | \ \ \ \
 \\/  ___)| |_)| | | | | || (_| |  ) ) ) )
  '  |____| .__|_| |_|_| |_\__, | / / / /
 =========|_|==============|___/=/_/_/_/

 :: Spring Boot ::                (v3.5.5)

2026-03-17T14:46:46.045+05:30  INFO 51372 --- [sharespace-backend] [           main] c.s.backend.ShareSpaceApplication        : Starting ShareSpaceApplication using Java 24.0.2 with PID 51372 (C:\Users\harsh\Desktop\prjct\backend\target\classes started by harsh in C:\Users\harsh\Desktop\prjct\backend)
2026-03-17T14:46:46.047+05:30  INFO 51372 --- [sharespace-backend] [           main] c.s.backend.ShareSpaceApplication        : No active profile set, falling back to 1 default profile: "default"
2026-03-17T14:46:46.928+05:30  INFO 51372 --- [sharespace-backend] [           main] .s.d.r.c.RepositoryConfigurationDelegate : Bootstrapping Spring Data JPA repositories in DEFAULT mode.
2026-03-17T14:46:47.043+05:30  INFO 51372 --- [sharespace-backend] [           main] .s.d.r.c.RepositoryConfigurationDelegate : Finished Spring Data repository scanning in 98 ms. Found 4 JPA repository interfaces.
2026-03-17T14:46:47.885+05:30  INFO 51372 --- [sharespace-backend] [           main] o.s.b.w.embedded.tomcat.TomcatWebServer  : Tomcat initialized with port 8080 (http)
2026-03-17T14:46:47.918+05:30  INFO 51372 --- [sharespace-backend] [           main] o.apache.catalina.core.StandardService   : Starting service [Tomcat]
2026-03-17T14:46:47.919+05:30  INFO 51372 --- [sharespace-backend] [           main] o.apache.catalina.core.StandardEngine    : Starting Servlet engine: [Apache Tomcat/10.1.44]
2026-03-17T14:46:48.114+05:30  INFO 51372 --- [sharespace-backend] [           main] o.a.c.c.C.[Tomcat].[localhost].[/]       : Initializing Spring embedded WebApplicationContext
2026-03-17T14:46:48.116+05:30  INFO 51372 --- [sharespace-backend] [           main] w.s.c.ServletWebServerApplicationContext : Root WebApplicationContext: initialization completed in 2010 ms
2026-03-17T14:46:48.469+05:30  INFO 51372 --- [sharespace-backend] [           main] o.hibernate.jpa.internal.util.LogHelper  : HHH000204: Processing PersistenceUnitInfo [name: default]
2026-03-17T14:46:48.632+05:30  INFO 51372 --- [sharespace-backend] [           main] org.hibernate.Version                    : HHH000412: Hibernate ORM core version 6.6.26.Final
2026-03-17T14:46:48.755+05:30  INFO 51372 --- [sharespace-backend] [           main] o.h.c.internal.RegionFactoryInitiator    : HHH000026: Second-level cache disabled
2026-03-17T14:46:49.585+05:30  INFO 51372 --- [sharespace-backend] [           main] o.s.o.j.p.SpringPersistenceUnitInfo      : No LoadTimeWeaver setup: ignoring JPA class transformer
2026-03-17T14:46:49.663+05:30  INFO 51372 --- [sharespace-backend] [           main] com.zaxxer.hikari.HikariDataSource       : HikariPool-1 - Starting...
2026-03-17T14:46:50.151+05:30  INFO 51372 --- [sharespace-backend] [           main] com.zaxxer.hikari.pool.HikariPool        : HikariPool-1 - Added connection org.postgresql.jdbc.PgConnection@496cedbb
2026-03-17T14:46:50.156+05:30  INFO 51372 --- [sharespace-backend] [           main] com.zaxxer.hikari.HikariDataSource       : HikariPool-1 - Start completed.
2026-03-17T14:46:50.365+05:30  INFO 51372 --- [sharespace-backend] [           main] org.hibernate.orm.connections.pooling    : HHH10001005: Database info:
	Database JDBC URL [Connecting through datasource 'HikariDataSource (HikariPool-1)']
	Database driver: undefined/unknown
	Database version: 18.1
	Autocommit mode: undefined/unknown
	Isolation level: undefined/unknown
	Minimum pool size: undefined/unknown
	Maximum pool size: undefined/unknown
2026-03-17T14:46:52.906+05:30  INFO 51372 --- [sharespace-backend] [           main] o.h.e.t.j.p.i.JtaPlatformInitiator       : HHH000489: No JTA platform available (set 'hibernate.transaction.jta.platform' to enable JTA platform integration)
2026-03-17T14:46:53.481+05:30  INFO 51372 --- [sharespace-backend] [           main] j.LocalContainerEntityManagerFactoryBean : Initialized JPA EntityManagerFactory for persistence unit 'default'
2026-03-17T14:46:54.599+05:30  INFO 51372 --- [sharespace-backend] [           main] o.s.b.w.embedded.tomcat.TomcatWebServer  : Tomcat started on port 8080 (http) with context path '/'
2026-03-17T14:46:54.614+05:30  INFO 51372 --- [sharespace-backend] [           main] c.s.backend.ShareSpaceApplication        : Started ShareSpaceApplication in 9.267 seconds (process running for 9.783)
2026-03-17T14:47:23.964+05:30  INFO 51372 --- [sharespace-backend] [nio-8080-exec-6] o.a.c.c.C.[Tomcat].[localhost].[/]       : Initializing Spring DispatcherServlet 'dispatcherServlet'
2026-03-17T14:47:23.965+05:30  INFO 51372 --- [sharespace-backend] [nio-8080-exec-6] o.s.web.servlet.DispatcherServlet        : Initializing Servlet 'dispatcherServlet'
2026-03-17T14:47:23.967+05:30  INFO 51372 --- [sharespace-backend] [nio-8080-exec-6] o.s.web.servlet.DispatcherServlet        : Completed initialization in 2 ms
Hibernate: 
    select
        au1_0.id,
        au1_0.created_at,
        au1_0.email,
        au1_0.full_name,
        au1_0.password_hash,
        au1_0.phone,
        au1_0.role,
        w1_0.id,
        w1_0.balance,
        w1_0.updated_at,
        w1_0.user_id 
    from
        app_users au1_0 
    left join
        wallets w1_0 
            on au1_0.id=w1_0.user_id 
    where
        au1_0.id=?
Hibernate: 
    select
        w1_0.id,
        w1_0.balance,
        w1_0.updated_at,
        w1_0.user_id 
    from
        wallets w1_0 
    left join
        app_users u1_0 
            on u1_0.id=w1_0.user_id 
    where
        u1_0.id=?
Hibernate: 
    select
        s1_0.id,
        s1_0.address,
        s1_0.availability_window,
        s1_0.covered,
        s1_0.created_at,
        s1_0.host_id,
        s1_0.hourly_rate,
        s1_0.latitude,
        s1_0.longitude,
        s1_0.slot_type,
        s1_0.title 
    from
        spots s1_0 
    order by
        s1_0.created_at desc
Hibernate: 
    select
        b1_0.id,
        b1_0.created_at,
        b1_0.guest_id,
        b1_0.spot_id,
        b1_0.status,
        b1_0.total_amount 
    from
        bookings b1_0 
    left join
        app_users g1_0 
            on g1_0.id=b1_0.guest_id 
    where
        g1_0.id=? 
    order by
        b1_0.created_at desc
Hibernate: 
    select
        b1_0.id,
        b1_0.created_at,
        b1_0.guest_id,
        b1_0.spot_id,
        b1_0.status,
        b1_0.total_amount 
    from
        bookings b1_0 
    left join
        app_users g1_0 
            on g1_0.id=b1_0.guest_id 
    where
        g1_0.id=? 
    order by
        b1_0.created_at desc
Hibernate: 
    select
        au1_0.id,
        au1_0.created_at,
        au1_0.email,
        au1_0.full_name,
        au1_0.password_hash,
        au1_0.phone,
        au1_0.role,
        w1_0.id,
        w1_0.balance,
        w1_0.updated_at,
        w1_0.user_id 
    from
        app_users au1_0 
    left join
        wallets w1_0 
            on au1_0.id=w1_0.user_id 
    where
        au1_0.id=?
Hibernate: 
    select
        s1_0.id,
        s1_0.address,
        s1_0.availability_window,
        s1_0.covered,
        s1_0.created_at,
        s1_0.host_id,
        s1_0.hourly_rate,
        s1_0.latitude,
        s1_0.longitude,
        s1_0.slot_type,
        s1_0.title 
    from
        spots s1_0 
    order by
        s1_0.created_at desc
Hibernate: 
    select
        w1_0.id,
        w1_0.balance,
        w1_0.updated_at,
        w1_0.user_id 
    from
        wallets w1_0 
    left join
        app_users u1_0 
            on u1_0.id=w1_0.user_id 
    where
        u1_0.id=?
Hibernate: 
    select
        au1_0.id,
        au1_0.created_at,
        au1_0.email,
        au1_0.full_name,
        au1_0.password_hash,
        au1_0.phone,
        au1_0.role 
    from
        app_users au1_0 
    where
        upper(au1_0.email)=upper(?)
Hibernate: 
    insert 
    into
        app_users
        (created_at, email, full_name, password_hash, phone, role) 
    values
        (?, ?, ?, ?, ?, ?)
Hibernate: 
    insert 
    into
        wallets
        (balance, updated_at, user_id) 
    values
        (?, ?, ?)
Hibernate: 
    select
        au1_0.id,
        au1_0.created_at,
        au1_0.email,
        au1_0.full_name,
        au1_0.password_hash,
        au1_0.phone,
        au1_0.role,
        w1_0.id,
        w1_0.balance,
        w1_0.updated_at,
        w1_0.user_id 
    from
        app_users au1_0 
    left join
        wallets w1_0 
            on au1_0.id=w1_0.user_id 
    where
        au1_0.id=?
Hibernate: 
    select
        s1_0.id,
        s1_0.address,
        s1_0.availability_window,
        s1_0.covered,
        s1_0.created_at,
        s1_0.host_id,
        s1_0.hourly_rate,
        s1_0.latitude,
        s1_0.longitude,
        s1_0.slot_type,
        s1_0.title 
    from
        spots s1_0 
    left join
        app_users h1_0 
            on h1_0.id=s1_0.host_id 
    where
        h1_0.id=? 
    order by
        s1_0.created_at desc
Hibernate: 
    select
        w1_0.id,
        w1_0.balance,
        w1_0.updated_at,
        w1_0.user_id 
    from
        wallets w1_0 
    left join
        app_users u1_0 
            on u1_0.id=w1_0.user_id 
    where
        u1_0.id=?
Hibernate: 
    select
        au1_0.id,
        au1_0.created_at,
        au1_0.email,
        au1_0.full_name,
        au1_0.password_hash,
        au1_0.phone,
        au1_0.role,
        w1_0.id,
        w1_0.balance,
        w1_0.updated_at,
        w1_0.user_id 
    from
        app_users au1_0 
    left join
        wallets w1_0 
            on au1_0.id=w1_0.user_id 
    where
        au1_0.id=?
Hibernate: 
    select
        b1_0.id,
        b1_0.created_at,
        b1_0.guest_id,
        b1_0.spot_id,
        b1_0.status,
        b1_0.total_amount 
    from
        bookings b1_0 
    left join
        spots s1_0 
            on s1_0.id=b1_0.spot_id 
    left join
        app_users h1_0 
            on h1_0.id=s1_0.host_id 
    where
        h1_0.id=? 
    order by
        b1_0.created_at desc
Hibernate: 
    select
        w1_0.id,
        w1_0.balance,
        w1_0.updated_at,
        w1_0.user_id 
    from
        wallets w1_0 
    left join
        app_users u1_0 
            on u1_0.id=w1_0.user_id 
    where
        u1_0.id=?
Hibernate: 
    select
        s1_0.id,
        s1_0.address,
        s1_0.availability_window,
        s1_0.covered,
        s1_0.created_at,
        s1_0.host_id,
        s1_0.hourly_rate,
        s1_0.latitude,
        s1_0.longitude,
        s1_0.slot_type,
        s1_0.title 
    from
        spots s1_0 
    left join
        app_users h1_0 
            on h1_0.id=s1_0.host_id 
    where
        h1_0.id=? 
    order by
        s1_0.created_at desc
Hibernate: 
    select
        b1_0.id,
        b1_0.created_at,
        b1_0.guest_id,
        b1_0.spot_id,
        b1_0.status,
        b1_0.total_amount 
    from
        bookings b1_0 
    left join
        spots s1_0 
            on s1_0.id=b1_0.spot_id 
    left join
        app_users h1_0 
            on h1_0.id=s1_0.host_id 
    where
        h1_0.id=? 
    order by
        b1_0.created_at desc
Hibernate: 
    select
        au1_0.id,
        au1_0.created_at,
        au1_0.email,
        au1_0.full_name,
        au1_0.password_hash,
        au1_0.phone,
        au1_0.role,
        w1_0.id,
        w1_0.balance,
        w1_0.updated_at,
        w1_0.user_id 
    from
        app_users au1_0 
    left join
        wallets w1_0 
            on au1_0.id=w1_0.user_id 
    where
        au1_0.id=?
Hibernate: 
    insert 
    into
        spots
        (address, availability_window, covered, created_at, host_id, hourly_rate, latitude, longitude, slot_type, title) 
    values
        (?, ?, ?, ?, ?, ?, ?, ?, ?, ?)
Hibernate: 
    select
        au1_0.id,
        au1_0.created_at,
        au1_0.email,
        au1_0.full_name,
        au1_0.password_hash,
        au1_0.phone,
        au1_0.role,
        w1_0.id,
        w1_0.balance,
        w1_0.updated_at,
        w1_0.user_id 
    from
        app_users au1_0 
    left join
        wallets w1_0 
            on au1_0.id=w1_0.user_id 
    where
        au1_0.id=?
Hibernate: 
    select
        s1_0.id,
        s1_0.address,
        s1_0.availability_window,
        s1_0.covered,
        s1_0.created_at,
        s1_0.host_id,
        s1_0.hourly_rate,
        s1_0.latitude,
        s1_0.longitude,
        s1_0.slot_type,
        s1_0.title 
    from
        spots s1_0 
    left join
        app_users h1_0 
            on h1_0.id=s1_0.host_id 
    where
        h1_0.id=? 
    order by
        s1_0.created_at desc
Hibernate: 
    select
        b1_0.id,
        b1_0.created_at,
        b1_0.guest_id,
        b1_0.spot_id,
        b1_0.status,
        b1_0.total_amount 
    from
        bookings b1_0 
    left join
        spots s1_0 
            on s1_0.id=b1_0.spot_id 
    left join
        app_users h1_0 
            on h1_0.id=s1_0.host_id 
    where
        h1_0.id=? 
    order by
        b1_0.created_at desc
Hibernate: 
    select
        w1_0.id,
        w1_0.balance,
        w1_0.updated_at,
        w1_0.user_id 
    from
        wallets w1_0 
    left join
        app_users u1_0 
            on u1_0.id=w1_0.user_id 
    where
        u1_0.id=?
Hibernate: 
    select
        au1_0.id,
        au1_0.created_at,
        au1_0.email,
        au1_0.full_name,
        au1_0.password_hash,
        au1_0.phone,
        au1_0.role,
        w1_0.id,
        w1_0.balance,
        w1_0.updated_at,
        w1_0.user_id 
    from
        app_users au1_0 
    left join
        wallets w1_0 
            on au1_0.id=w1_0.user_id 
    where
        au1_0.id=?
Hibernate: 
    select
        au1_0.id,
        au1_0.created_at,
        au1_0.email,
        au1_0.full_name,
        au1_0.password_hash,
        au1_0.phone,
        au1_0.role,
        w1_0.id,
        w1_0.balance,
        w1_0.updated_at,
        w1_0.user_id 
    from
        app_users au1_0 
    left join
        wallets w1_0 
            on au1_0.id=w1_0.user_id 
    where
        au1_0.id=?
Hibernate: 
    select
        s1_0.id,
        s1_0.address,
        s1_0.availability_window,
        s1_0.covered,
        s1_0.created_at,
        s1_0.host_id,
        s1_0.hourly_rate,
        s1_0.latitude,
        s1_0.longitude,
        s1_0.slot_type,
        s1_0.title 
    from
        spots s1_0 
    order by
        s1_0.created_at desc
Hibernate: 
    select
        b1_0.id,
        b1_0.created_at,
        b1_0.guest_id,
        b1_0.spot_id,
        b1_0.status,
        b1_0.total_amount 
    from
        bookings b1_0 
    left join
        app_users g1_0 
            on g1_0.id=b1_0.guest_id 
    where
        g1_0.id=? 
    order by
        b1_0.created_at desc
Hibernate: 
    select
        au1_0.id,
        au1_0.created_at,
        au1_0.email,
        au1_0.full_name,
        au1_0.password_hash,
        au1_0.phone,
        au1_0.role,
        w1_0.id,
        w1_0.balance,
        w1_0.updated_at,
        w1_0.user_id 
    from
        app_users au1_0 
    left join
        wallets w1_0 
            on au1_0.id=w1_0.user_id 
    where
        au1_0.id=?
Hibernate: 
    select
        w1_0.id,
        w1_0.balance,
        w1_0.updated_at,
        w1_0.user_id 
    from
        wallets w1_0 
    left join
        app_users u1_0 
            on u1_0.id=w1_0.user_id 
    where
        u1_0.id=?
Hibernate: 
    select
        au1_0.id,
        au1_0.created_at,
        au1_0.email,
        au1_0.full_name,
        au1_0.password_hash,
        au1_0.phone,
        au1_0.role,
        w1_0.id,
        w1_0.balance,
        w1_0.updated_at,
        w1_0.user_id 
    from
        app_users au1_0 
    left join
        wallets w1_0 
            on au1_0.id=w1_0.user_id 
    where
        au1_0.id=?
Hibernate: 
    select
        s1_0.id,
        s1_0.address,
        s1_0.availability_window,
        s1_0.covered,
        s1_0.created_at,
        s1_0.host_id,
        s1_0.hourly_rate,
        s1_0.latitude,
        s1_0.longitude,
        s1_0.slot_type,
        s1_0.title 
    from
        spots s1_0 
    order by
        s1_0.created_at desc
Hibernate: 
    select
        b1_0.id,
        b1_0.created_at,
        b1_0.guest_id,
        b1_0.spot_id,
        b1_0.status,
        b1_0.total_amount 
    from
        bookings b1_0 
    left join
        app_users g1_0 
            on g1_0.id=b1_0.guest_id 
    where
        g1_0.id=? 
    order by
        b1_0.created_at desc
Hibernate: 
    select
        au1_0.id,
        au1_0.created_at,
        au1_0.email,
        au1_0.full_name,
        au1_0.password_hash,
        au1_0.phone,
        au1_0.role,
        w1_0.id,
        w1_0.balance,
        w1_0.updated_at,
        w1_0.user_id 
    from
        app_users au1_0 
    left join
        wallets w1_0 
            on au1_0.id=w1_0.user_id 
    where
        au1_0.id=?
Hibernate: 
    select
        w1_0.id,
        w1_0.balance,
        w1_0.updated_at,
        w1_0.user_id 
    from
        wallets w1_0 
    left join
        app_users u1_0 
            on u1_0.id=w1_0.user_id 
    where
        u1_0.id=?
Hibernate: 
    select
        b1_0.id,
        b1_0.created_at,
        b1_0.guest_id,
        b1_0.spot_id,
        b1_0.status,
        b1_0.total_amount 
    from
        bookings b1_0 
    left join
        spots s1_0 
            on s1_0.id=b1_0.spot_id 
    left join
        app_users h1_0 
            on h1_0.id=s1_0.host_id 
    where
        h1_0.id=? 
    order by
        b1_0.created_at desc
Hibernate: 
    select
        au1_0.id,
        au1_0.created_at,
        au1_0.email,
        au1_0.full_name,
        au1_0.password_hash,
        au1_0.phone,
        au1_0.role,
        w1_0.id,
        w1_0.balance,
        w1_0.updated_at,
        w1_0.user_id 
    from
        app_users au1_0 
    left join
        wallets w1_0 
            on au1_0.id=w1_0.user_id 
    where
        au1_0.id=?
Hibernate: 
    select
        s1_0.id,
        s1_0.address,
        s1_0.availability_window,
        s1_0.covered,
        s1_0.created_at,
        s1_0.host_id,
        s1_0.hourly_rate,
        s1_0.latitude,
        s1_0.longitude,
        s1_0.slot_type,
        s1_0.title 
    from
        spots s1_0 
    left join
        app_users h1_0 
            on h1_0.id=s1_0.host_id 
    where
        h1_0.id=? 
    order by
        s1_0.created_at desc
Hibernate: 
    select
        au1_0.id,
        au1_0.created_at,
        au1_0.email,
        au1_0.full_name,
        au1_0.password_hash,
        au1_0.phone,
        au1_0.role,
        w1_0.id,
        w1_0.balance,
        w1_0.updated_at,
        w1_0.user_id 
    from
        app_users au1_0 
    left join
        wallets w1_0 
            on au1_0.id=w1_0.user_id 
    where
        au1_0.id=?
Hibernate: 
    select
        w1_0.id,
        w1_0.balance,
        w1_0.updated_at,
        w1_0.user_id 
    from
        wallets w1_0 
    left join
        app_users u1_0 
            on u1_0.id=w1_0.user_id 
    where
        u1_0.id=?
Hibernate: 
    select
        au1_0.id,
        au1_0.created_at,
        au1_0.email,
        au1_0.full_name,
        au1_0.password_hash,
        au1_0.phone,
        au1_0.role,
        w1_0.id,
        w1_0.balance,
        w1_0.updated_at,
        w1_0.user_id 
    from
        app_users au1_0 
    left join
        wallets w1_0 
            on au1_0.id=w1_0.user_id 
    where
        au1_0.id=?
Hibernate: 
    select
        s1_0.id,
        s1_0.address,
        s1_0.availability_window,
        s1_0.covered,
        s1_0.created_at,
        s1_0.host_id,
        s1_0.hourly_rate,
        s1_0.latitude,
        s1_0.longitude,
        s1_0.slot_type,
        s1_0.title 
    from
        spots s1_0 
    order by
        s1_0.created_at desc
Hibernate: 
    select
        w1_0.id,
        w1_0.balance,
        w1_0.updated_at,
        w1_0.user_id 
    from
        wallets w1_0 
    left join
        app_users u1_0 
            on u1_0.id=w1_0.user_id 
    where
        u1_0.id=?
Hibernate: 
    select
        au1_0.id,
        au1_0.created_at,
        au1_0.email,
        au1_0.full_name,
        au1_0.password_hash,
        au1_0.phone,
        au1_0.role,
        w1_0.id,
        w1_0.balance,
        w1_0.updated_at,
        w1_0.user_id 
    from
        app_users au1_0 
    left join
        wallets w1_0 
            on au1_0.id=w1_0.user_id 
    where
        au1_0.id=?
Hibernate: 
    select
        b1_0.id,
        b1_0.created_at,
        b1_0.guest_id,
        b1_0.spot_id,
        b1_0.status,
        b1_0.total_amount 
    from
        bookings b1_0 
    left join
        app_users g1_0 
            on g1_0.id=b1_0.guest_id 
    where
        g1_0.id=? 
    order by
        b1_0.created_at desc
Hibernate: 
    select
        au1_0.id,
        au1_0.created_at,
        au1_0.email,
        au1_0.full_name,
        au1_0.password_hash,
        au1_0.phone,
        au1_0.role,
        w1_0.id,
        w1_0.balance,
        w1_0.updated_at,
        w1_0.user_id 
    from
        app_users au1_0 
    left join
        wallets w1_0 
            on au1_0.id=w1_0.user_id 
    where
        au1_0.id=?
Hibernate: 
    select
        s1_0.id,
        s1_0.address,
        s1_0.availability_window,
        s1_0.covered,
        s1_0.created_at,
        s1_0.host_id,
        s1_0.hourly_rate,
        s1_0.latitude,
        s1_0.longitude,
        s1_0.slot_type,
        s1_0.title 
    from
        spots s1_0 
    order by
        s1_0.created_at desc
Hibernate: 
    select
        w1_0.id,
        w1_0.balance,
        w1_0.updated_at,
        w1_0.user_id 
    from
        wallets w1_0 
    left join
        app_users u1_0 
            on u1_0.id=w1_0.user_id 
    where
        u1_0.id=?
Hibernate: 
    select
        au1_0.id,
        au1_0.created_at,
        au1_0.email,
        au1_0.full_name,
        au1_0.password_hash,
        au1_0.phone,
        au1_0.role,
        w1_0.id,
        w1_0.balance,
        w1_0.updated_at,
        w1_0.user_id 
    from
        app_users au1_0 
    left join
        wallets w1_0 
            on au1_0.id=w1_0.user_id 
    where
        au1_0.id=?
Hibernate: 
    select
        b1_0.id,
        b1_0.created_at,
        b1_0.guest_id,
        b1_0.spot_id,
        b1_0.status,
        b1_0.total_amount 
    from
        bookings b1_0 
    left join
        app_users g1_0 
            on g1_0.id=b1_0.guest_id 
    where
        g1_0.id=? 
    order by
        b1_0.created_at desc
Hibernate: 
    select
        au1_0.id,
        au1_0.created_at,
        au1_0.email,
        au1_0.full_name,
        au1_0.password_hash,
        au1_0.phone,
        au1_0.role,
        w1_0.id,
        w1_0.balance,
        w1_0.updated_at,
        w1_0.user_id 
    from
        app_users au1_0 
    left join
        wallets w1_0 
            on au1_0.id=w1_0.user_id 
    where
        au1_0.id=?
Hibernate: 
    select
        s1_0.id,
        s1_0.address,
        s1_0.availability_window,
        s1_0.covered,
        s1_0.created_at,
        s1_0.host_id,
        s1_0.hourly_rate,
        s1_0.latitude,
        s1_0.longitude,
        s1_0.slot_type,
        s1_0.title 
    from
        spots s1_0 
    left join
        app_users h1_0 
            on h1_0.id=s1_0.host_id 
    where
        h1_0.id=? 
    order by
        s1_0.created_at desc
Hibernate: 
    select
        w1_0.id,
        w1_0.balance,
        w1_0.updated_at,
        w1_0.user_id 
    from
        wallets w1_0 
    left join
        app_users u1_0 
            on u1_0.id=w1_0.user_id 
    where
        u1_0.id=?
Hibernate: 
    select
        b1_0.id,
        b1_0.created_at,
        b1_0.guest_id,
        b1_0.spot_id,
        b1_0.status,
        b1_0.total_amount 
    from
        bookings b1_0 
    left join
        spots s1_0 
            on s1_0.id=b1_0.spot_id 
    left join
        app_users h1_0 
            on h1_0.id=s1_0.host_id 
    where
        h1_0.id=? 
    order by
        b1_0.created_at desc
Hibernate: 
    select
        au1_0.id,
        au1_0.created_at,
        au1_0.email,
        au1_0.full_name,
        au1_0.password_hash,
        au1_0.phone,
        au1_0.role,
        w1_0.id,
        w1_0.balance,
        w1_0.updated_at,
        w1_0.user_id 
    from
        app_users au1_0 
    left join
        wallets w1_0 
            on au1_0.id=w1_0.user_id 
    where
        au1_0.id=?
Hibernate: 
    select
        au1_0.id,
        au1_0.created_at,
        au1_0.email,
        au1_0.full_name,
        au1_0.password_hash,
        au1_0.phone,
        au1_0.role,
        w1_0.id,
        w1_0.balance,
        w1_0.updated_at,
        w1_0.user_id 
    from
        app_users au1_0 
    left join
        wallets w1_0 
            on au1_0.id=w1_0.user_id 
    where
        au1_0.id=?
Hibernate: 
    select
        s1_0.id,
        s1_0.address,
        s1_0.availability_window,
        s1_0.covered,
        s1_0.created_at,
        s1_0.host_id,
        s1_0.hourly_rate,
        s1_0.latitude,
        s1_0.longitude,
        s1_0.slot_type,
        s1_0.title 
    from
        spots s1_0 
    where
        s1_0.id=?
Hibernate: 
    select
        w1_0.id,
        w1_0.balance,
        w1_0.updated_at,
        w1_0.user_id 
    from
        wallets w1_0 
    left join
        app_users u1_0 
            on u1_0.id=w1_0.user_id 
    where
        u1_0.id=?
Hibernate: 
    select
        au1_0.id,
        au1_0.created_at,
        au1_0.email,
        au1_0.full_name,
        au1_0.password_hash,
        au1_0.phone,
        au1_0.role,
        w1_0.id,
        w1_0.balance,
        w1_0.updated_at,
        w1_0.user_id 
    from
        app_users au1_0 
    left join
        wallets w1_0 
            on au1_0.id=w1_0.user_id 
    where
        au1_0.id=?
Hibernate: 
    select
        w1_0.id,
        w1_0.balance,
        w1_0.updated_at,
        w1_0.user_id 
    from
        wallets w1_0 
    left join
        app_users u1_0 
            on u1_0.id=w1_0.user_id 
    where
        u1_0.id=?
Hibernate: 
    insert 
    into
        bookings
        (created_at, guest_id, spot_id, status, total_amount) 
    values
        (?, ?, ?, ?, ?)
Hibernate: 
    update
        wallets 
    set
        balance=?,
        updated_at=?,
        user_id=? 
    where
        id=?
Hibernate: 
    update
        wallets 
    set
        balance=?,
        updated_at=?,
        user_id=? 
    where
        id=?
Hibernate: 
    select
        w1_0.id,
        w1_0.balance,
        w1_0.updated_at,
        w1_0.user_id 
    from
        wallets w1_0 
    left join
        app_users u1_0 
            on u1_0.id=w1_0.user_id 
    where
        u1_0.id=?
Hibernate: 
    select
        au1_0.id,
        au1_0.created_at,
        au1_0.email,
        au1_0.full_name,
        au1_0.password_hash,
        au1_0.phone,
        au1_0.role,
        w1_0.id,
        w1_0.balance,
        w1_0.updated_at,
        w1_0.user_id 
    from
        app_users au1_0 
    left join
        wallets w1_0 
            on au1_0.id=w1_0.user_id 
    where
        au1_0.id=?
Hibernate: 
    select
        s1_0.id,
        s1_0.address,
        s1_0.availability_window,
        s1_0.covered,
        s1_0.created_at,
        s1_0.host_id,
        s1_0.hourly_rate,
        s1_0.latitude,
        s1_0.longitude,
        s1_0.slot_type,
        s1_0.title 
    from
        spots s1_0 
    order by
        s1_0.created_at desc
Hibernate: 
    select
        w1_0.id,
        w1_0.balance,
        w1_0.updated_at,
        w1_0.user_id 
    from
        wallets w1_0 
    left join
        app_users u1_0 
            on u1_0.id=w1_0.user_id 
    where
        u1_0.id=?
Hibernate: 
    select
        b1_0.id,
        b1_0.created_at,
        b1_0.guest_id,
        b1_0.spot_id,
        b1_0.status,
        b1_0.total_amount 
    from
        bookings b1_0 
    left join
        app_users g1_0 
            on g1_0.id=b1_0.guest_id 
    where
        g1_0.id=? 
    order by
        b1_0.created_at desc
Hibernate: 
    select
        au1_0.id,
        au1_0.created_at,
        au1_0.email,
        au1_0.full_name,
        au1_0.password_hash,
        au1_0.phone,
        au1_0.role,
        w1_0.id,
        w1_0.balance,
        w1_0.updated_at,
        w1_0.user_id 
    from
        app_users au1_0 
    left join
        wallets w1_0 
            on au1_0.id=w1_0.user_id 
    where
        au1_0.id=?
Hibernate: 
    select
        au1_0.id,
        au1_0.created_at,
        au1_0.email,
        au1_0.full_name,
        au1_0.password_hash,
        au1_0.phone,
        au1_0.role,
        w1_0.id,
        w1_0.balance,
        w1_0.updated_at,
        w1_0.user_id 
    from
        app_users au1_0 
    left join
        wallets w1_0 
            on au1_0.id=w1_0.user_id 
    where
        au1_0.id=?
Hibernate: 
    select
        s1_0.id,
        s1_0.address,
        s1_0.availability_window,
        s1_0.covered,
        s1_0.created_at,
        s1_0.host_id,
        s1_0.hourly_rate,
        s1_0.latitude,
        s1_0.longitude,
        s1_0.slot_type,
        s1_0.title 
    from
        spots s1_0 
    where
        s1_0.id=?
Hibernate: 
    select
        au1_0.id,
        au1_0.created_at,
        au1_0.email,
        au1_0.full_name,
        au1_0.password_hash,
        au1_0.phone,
        au1_0.role,
        w1_0.id,
        w1_0.balance,
        w1_0.updated_at,
        w1_0.user_id 
    from
        app_users au1_0 
    left join
        wallets w1_0 
            on au1_0.id=w1_0.user_id 
    where
        au1_0.id=?
Hibernate: 
    select
        au1_0.id,
        au1_0.created_at,
        au1_0.email,
        au1_0.full_name,
        au1_0.password_hash,
        au1_0.phone,
        au1_0.role,
        w1_0.id,
        w1_0.balance,
        w1_0.updated_at,
        w1_0.user_id 
    from
        app_users au1_0 
    left join
        wallets w1_0 
            on au1_0.id=w1_0.user_id 
    where
        au1_0.id=?
Hibernate: 
    select
        s1_0.id,
        s1_0.address,
        s1_0.availability_window,
        s1_0.covered,
        s1_0.created_at,
        s1_0.host_id,
        s1_0.hourly_rate,
        s1_0.latitude,
        s1_0.longitude,
        s1_0.slot_type,
        s1_0.title 
    from
        spots s1_0 
    order by
        s1_0.created_at desc
Hibernate: 
    select
        b1_0.id,
        b1_0.created_at,
        b1_0.guest_id,
        b1_0.spot_id,
        b1_0.status,
        b1_0.total_amount 
    from
        bookings b1_0 
    left join
        app_users g1_0 
            on g1_0.id=b1_0.guest_id 
    where
        g1_0.id=? 
    order by
        b1_0.created_at desc
Hibernate: 
    select
        w1_0.id,
        w1_0.balance,
        w1_0.updated_at,
        w1_0.user_id 
    from
        wallets w1_0 
    left join
        app_users u1_0 
            on u1_0.id=w1_0.user_id 
    where
        u1_0.id=?
Hibernate: 
    select
        au1_0.id,
        au1_0.created_at,
        au1_0.email,
        au1_0.full_name,
        au1_0.password_hash,
        au1_0.phone,
        au1_0.role,
        w1_0.id,
        w1_0.balance,
        w1_0.updated_at,
        w1_0.user_id 
    from
        app_users au1_0 
    left join
        wallets w1_0 
            on au1_0.id=w1_0.user_id 
    where
        au1_0.id=?
Hibernate: 
    select
        au1_0.id,
        au1_0.created_at,
        au1_0.email,
        au1_0.full_name,
        au1_0.password_hash,
        au1_0.phone,
        au1_0.role,
        w1_0.id,
        w1_0.balance,
        w1_0.updated_at,
        w1_0.user_id 
    from
        app_users au1_0 
    left join
        wallets w1_0 
            on au1_0.id=w1_0.user_id 
    where
        au1_0.id=?
Hibernate: 
    select
        s1_0.id,
        s1_0.address,
        s1_0.availability_window,
        s1_0.covered,
        s1_0.created_at,
        s1_0.host_id,
        s1_0.hourly_rate,
        s1_0.latitude,
        s1_0.longitude,
        s1_0.slot_type,
        s1_0.title 
    from
        spots s1_0 
    where
        s1_0.id=?
Hibernate: 
    select
        au1_0.id,
        au1_0.created_at,
        au1_0.email,
        au1_0.full_name,
        au1_0.password_hash,
        au1_0.phone,
        au1_0.role,
        w1_0.id,
        w1_0.balance,
        w1_0.updated_at,
        w1_0.user_id 
    from
        app_users au1_0 
    left join
        wallets w1_0 
            on au1_0.id=w1_0.user_id 
    where
        au1_0.id=?
Hibernate: 
    select
        au1_0.id,
        au1_0.created_at,
        au1_0.email,
        au1_0.full_name,
        au1_0.password_hash,
        au1_0.phone,
        au1_0.role,
        w1_0.id,
        w1_0.balance,
        w1_0.updated_at,
        w1_0.user_id 
    from
        app_users au1_0 
    left join
        wallets w1_0 
            on au1_0.id=w1_0.user_id 
    where
        au1_0.id=?
Hibernate: 
    select
        w1_0.id,
        w1_0.balance,
        w1_0.updated_at,
        w1_0.user_id 
    from
        wallets w1_0 
    left join
        app_users u1_0 
            on u1_0.id=w1_0.user_id 
    where
        u1_0.id=?
Hibernate: 
    select
        s1_0.id,
        s1_0.address,
        s1_0.availability_window,
        s1_0.covered,
        s1_0.created_at,
        s1_0.host_id,
        s1_0.hourly_rate,
        s1_0.latitude,
        s1_0.longitude,
        s1_0.slot_type,
        s1_0.title 
    from
        spots s1_0 
    order by
        s1_0.created_at desc
Hibernate: 
    select
        au1_0.id,
        au1_0.created_at,
        au1_0.email,
        au1_0.full_name,
        au1_0.password_hash,
        au1_0.phone,
        au1_0.role,
        w1_0.id,
        w1_0.balance,
        w1_0.updated_at,
        w1_0.user_id 
    from
        app_users au1_0 
    left join
        wallets w1_0 
            on au1_0.id=w1_0.user_id 
    where
        au1_0.id=?
Hibernate: 
    select
        b1_0.id,
        b1_0.created_at,
        b1_0.guest_id,
        b1_0.spot_id,
        b1_0.status,
        b1_0.total_amount 
    from
        bookings b1_0 
    left join
        app_users g1_0 
            on g1_0.id=b1_0.guest_id 
    where
        g1_0.id=? 
    order by
        b1_0.created_at desc
Hibernate: 
    select
        au1_0.id,
        au1_0.created_at,
        au1_0.email,
        au1_0.full_name,
        au1_0.password_hash,
        au1_0.phone,
        au1_0.role,
        w1_0.id,
        w1_0.balance,
        w1_0.updated_at,
        w1_0.user_id 
    from
        app_users au1_0 
    left join
        wallets w1_0 
            on au1_0.id=w1_0.user_id 
    where
        au1_0.id=?
Hibernate: 
    select
        s1_0.id,
        s1_0.address,
        s1_0.availability_window,
        s1_0.covered,
        s1_0.created_at,
        s1_0.host_id,
        s1_0.hourly_rate,
        s1_0.latitude,
        s1_0.longitude,
        s1_0.slot_type,
        s1_0.title 
    from
        spots s1_0 
    where
        s1_0.id=?
Hibernate: 
    select
        au1_0.id,
        au1_0.created_at,
        au1_0.email,
        au1_0.full_name,
        au1_0.password_hash,
        au1_0.phone,
        au1_0.role,
        w1_0.id,
        w1_0.balance,
        w1_0.updated_at,
        w1_0.user_id 
    from
        app_users au1_0 
    left join
        wallets w1_0 
            on au1_0.id=w1_0.user_id 
    where
        au1_0.id=?
Hibernate: 
    select
        au1_0.id,
        au1_0.created_at,
        au1_0.email,
        au1_0.full_name,
        au1_0.password_hash,
        au1_0.phone,
        au1_0.role,
        w1_0.id,
        w1_0.balance,
        w1_0.updated_at,
        w1_0.user_id 
    from
        app_users au1_0 
    left join
        wallets w1_0 
            on au1_0.id=w1_0.user_id 
    where
        au1_0.id=?
Hibernate: 
    select
        s1_0.id,
        s1_0.address,
        s1_0.availability_window,
        s1_0.covered,
        s1_0.created_at,
        s1_0.host_id,
        s1_0.hourly_rate,
        s1_0.latitude,
        s1_0.longitude,
        s1_0.slot_type,
        s1_0.title 
    from
        spots s1_0 
    order by
        s1_0.created_at desc
Hibernate: 
    select
        b1_0.id,
        b1_0.created_at,
        b1_0.guest_id,
        b1_0.spot_id,
        b1_0.status,
        b1_0.total_amount 
    from
        bookings b1_0 
    left join
        app_users g1_0 
            on g1_0.id=b1_0.guest_id 
    where
        g1_0.id=? 
    order by
        b1_0.created_at desc
Hibernate: 
    select
        au1_0.id,
        au1_0.created_at,
        au1_0.email,
        au1_0.full_name,
        au1_0.password_hash,
        au1_0.phone,
        au1_0.role,
        w1_0.id,
        w1_0.balance,
        w1_0.updated_at,
        w1_0.user_id 
    from
        app_users au1_0 
    left join
        wallets w1_0 
            on au1_0.id=w1_0.user_id 
    where
        au1_0.id=?
Hibernate: 
    select
        w1_0.id,
        w1_0.balance,
        w1_0.updated_at,
        w1_0.user_id 
    from
        wallets w1_0 
    left join
        app_users u1_0 
            on u1_0.id=w1_0.user_id 
    where
        u1_0.id=?
Hibernate: 
    select
        au1_0.id,
        au1_0.created_at,
        au1_0.email,
        au1_0.full_name,
        au1_0.password_hash,
        au1_0.phone,
        au1_0.role,
        w1_0.id,
        w1_0.balance,
        w1_0.updated_at,
        w1_0.user_id 
    from
        app_users au1_0 
    left join
        wallets w1_0 
            on au1_0.id=w1_0.user_id 
    where
        au1_0.id=?
Hibernate: 
    select
        s1_0.id,
        s1_0.address,
        s1_0.availability_window,
        s1_0.covered,
        s1_0.created_at,
        s1_0.host_id,
        s1_0.hourly_rate,
        s1_0.latitude,
        s1_0.longitude,
        s1_0.slot_type,
        s1_0.title 
    from
        spots s1_0 
    where
        s1_0.id=?
Hibernate: 
    select
        s1_0.id,
        s1_0.address,
        s1_0.availability_window,
        s1_0.covered,
        s1_0.created_at,
        s1_0.host_id,
        s1_0.hourly_rate,
        s1_0.latitude,
        s1_0.longitude,
        s1_0.slot_type,
        s1_0.title 
    from
        spots s1_0 
    order by
        s1_0.created_at desc
Hibernate: 
    select
        au1_0.id,
        au1_0.created_at,
        au1_0.email,
        au1_0.full_name,
        au1_0.password_hash,
        au1_0.phone,
        au1_0.role,
        w1_0.id,
        w1_0.balance,
        w1_0.updated_at,
        w1_0.user_id 
    from
        app_users au1_0 
    left join
        wallets w1_0 
            on au1_0.id=w1_0.user_id 
    where
        au1_0.id=?
Hibernate: 
    select
        au1_0.id,
        au1_0.created_at,
        au1_0.email,
        au1_0.full_name,
        au1_0.password_hash,
        au1_0.phone,
        au1_0.role,
        w1_0.id,
        w1_0.balance,
        w1_0.updated_at,
        w1_0.user_id 
    from
        app_users au1_0 
    left join
        wallets w1_0 
            on au1_0.id=w1_0.user_id 
    where
        au1_0.id=?
Hibernate: 
    select
        au1_0.id,
        au1_0.created_at,
        au1_0.email,
        au1_0.full_name,
        au1_0.password_hash,
        au1_0.phone,
        au1_0.role,
        w1_0.id,
        w1_0.balance,
        w1_0.updated_at,
        w1_0.user_id 
    from
        app_users au1_0 
    left join
        wallets w1_0 
            on au1_0.id=w1_0.user_id 
    where
        au1_0.id=?
Hibernate: 
    select
        w1_0.id,
        w1_0.balance,
        w1_0.updated_at,
        w1_0.user_id 
    from
        wallets w1_0 
    left join
        app_users u1_0 
            on u1_0.id=w1_0.user_id 
    where
        u1_0.id=?
Hibernate: 
    select
        b1_0.id,
        b1_0.created_at,
        b1_0.guest_id,
        b1_0.spot_id,
        b1_0.status,
        b1_0.total_amount 
    from
        bookings b1_0 
    left join
        app_users g1_0 
            on g1_0.id=b1_0.guest_id 
    where
        g1_0.id=? 
    order by
        b1_0.created_at desc
Hibernate: 
    select
        au1_0.id,
        au1_0.created_at,
        au1_0.email,
        au1_0.full_name,
        au1_0.password_hash,
        au1_0.phone,
        au1_0.role,
        w1_0.id,
        w1_0.balance,
        w1_0.updated_at,
        w1_0.user_id 
    from
        app_users au1_0 
    left join
        wallets w1_0 
            on au1_0.id=w1_0.user_id 
    where
        au1_0.id=?
Hibernate: 
    select
        s1_0.id,
        s1_0.address,
        s1_0.availability_window,
        s1_0.covered,
        s1_0.created_at,
        s1_0.host_id,
        s1_0.hourly_rate,
        s1_0.latitude,
        s1_0.longitude,
        s1_0.slot_type,
        s1_0.title 
    from
        spots s1_0 
    where
        s1_0.id=?
Hibernate: 
    select
        au1_0.id,
        au1_0.created_at,
        au1_0.email,
        au1_0.full_name,
        au1_0.password_hash,
        au1_0.phone,
        au1_0.role,
        w1_0.id,
        w1_0.balance,
        w1_0.updated_at,
        w1_0.user_id 
    from
        app_users au1_0 
    left join
        wallets w1_0 
            on au1_0.id=w1_0.user_id 
    where
        au1_0.id=?
Hibernate: 
    select
        au1_0.id,
        au1_0.created_at,
        au1_0.email,
        au1_0.full_name,
        au1_0.password_hash,
        au1_0.phone,
        au1_0.role,
        w1_0.id,
        w1_0.balance,
        w1_0.updated_at,
        w1_0.user_id 
    from
        app_users au1_0 
    left join
        wallets w1_0 
            on au1_0.id=w1_0.user_id 
    where
        au1_0.id=?
Hibernate: 
    select
        s1_0.id,
        s1_0.address,
        s1_0.availability_window,
        s1_0.covered,
        s1_0.created_at,
        s1_0.host_id,
        s1_0.hourly_rate,
        s1_0.latitude,
        s1_0.longitude,
        s1_0.slot_type,
        s1_0.title 
    from
        spots s1_0 
    order by
        s1_0.created_at desc
Hibernate: 
    select
        w1_0.id,
        w1_0.balance,
        w1_0.updated_at,
        w1_0.user_id 
    from
        wallets w1_0 
    left join
        app_users u1_0 
            on u1_0.id=w1_0.user_id 
    where
        u1_0.id=?
Hibernate: 
    select
        b1_0.id,
        b1_0.created_at,
        b1_0.guest_id,
        b1_0.spot_id,
        b1_0.status,
        b1_0.total_amount 
    from
        bookings b1_0 
    left join
        app_users g1_0 
            on g1_0.id=b1_0.guest_id 
    where
        g1_0.id=? 
    order by
        b1_0.created_at desc
Hibernate: 
    select
        au1_0.id,
        au1_0.created_at,
        au1_0.email,
        au1_0.full_name,
        au1_0.password_hash,
        au1_0.phone,
        au1_0.role,
        w1_0.id,
        w1_0.balance,
        w1_0.updated_at,
        w1_0.user_id 
    from
        app_users au1_0 
    left join
        wallets w1_0 
            on au1_0.id=w1_0.user_id 
    where
        au1_0.id=?
Hibernate: 
    select
        au1_0.id,
        au1_0.created_at,
        au1_0.email,
        au1_0.full_name,
        au1_0.password_hash,
        au1_0.phone,
        au1_0.role,
        w1_0.id,
        w1_0.balance,
        w1_0.updated_at,
        w1_0.user_id 
    from
        app_users au1_0 
    left join
        wallets w1_0 
            on au1_0.id=w1_0.user_id 
    where
        au1_0.id=?
Hibernate: 
    select
        s1_0.id,
        s1_0.address,
        s1_0.availability_window,
        s1_0.covered,
        s1_0.created_at,
        s1_0.host_id,
        s1_0.hourly_rate,
        s1_0.latitude,
        s1_0.longitude,
        s1_0.slot_type,
        s1_0.title 
    from
        spots s1_0 
    where
        s1_0.id=?
Hibernate: 
    select
        au1_0.id,
        au1_0.created_at,
        au1_0.email,
        au1_0.full_name,
        au1_0.password_hash,
        au1_0.phone,
        au1_0.role,
        w1_0.id,
        w1_0.balance,
        w1_0.updated_at,
        w1_0.user_id 
    from
        app_users au1_0 
    left join
        wallets w1_0 
            on au1_0.id=w1_0.user_id 
    where
        au1_0.id=?
Hibernate: 
    select
        au1_0.id,
        au1_0.created_at,
        au1_0.email,
        au1_0.full_name,
        au1_0.password_hash,
        au1_0.phone,
        au1_0.role,
        w1_0.id,
        w1_0.balance,
        w1_0.updated_at,
        w1_0.user_id 
    from
        app_users au1_0 
    left join
        wallets w1_0 
            on au1_0.id=w1_0.user_id 
    where
        au1_0.id=?
Hibernate: 
    select
        s1_0.id,
        s1_0.address,
        s1_0.availability_window,
        s1_0.covered,
        s1_0.created_at,
        s1_0.host_id,
        s1_0.hourly_rate,
        s1_0.latitude,
        s1_0.longitude,
        s1_0.slot_type,
        s1_0.title 
    from
        spots s1_0 
    order by
        s1_0.created_at desc
Hibernate: 
    select
        au1_0.id,
        au1_0.created_at,
        au1_0.email,
        au1_0.full_name,
        au1_0.password_hash,
        au1_0.phone,
        au1_0.role,
        w1_0.id,
        w1_0.balance,
        w1_0.updated_at,
        w1_0.user_id 
    from
        app_users au1_0 
    left join
        wallets w1_0 
            on au1_0.id=w1_0.user_id 
    where
        au1_0.id=?
Hibernate: 
    select
        w1_0.id,
        w1_0.balance,
        w1_0.updated_at,
        w1_0.user_id 
    from
        wallets w1_0 
    left join
        app_users u1_0 
            on u1_0.id=w1_0.user_id 
    where
        u1_0.id=?
Hibernate: 
    select
        b1_0.id,
        b1_0.created_at,
        b1_0.guest_id,
        b1_0.spot_id,
        b1_0.status,
        b1_0.total_amount 
    from
        bookings b1_0 
    left join
        app_users g1_0 
            on g1_0.id=b1_0.guest_id 
    where
        g1_0.id=? 
    order by
        b1_0.created_at desc
Hibernate: 
    select
        au1_0.id,
        au1_0.created_at,
        au1_0.email,
        au1_0.full_name,
        au1_0.password_hash,
        au1_0.phone,
        au1_0.role,
        w1_0.id,
        w1_0.balance,
        w1_0.updated_at,
        w1_0.user_id 
    from
        app_users au1_0 
    left join
        wallets w1_0 
            on au1_0.id=w1_0.user_id 
    where
        au1_0.id=?
Hibernate: 
    select
        s1_0.id,
        s1_0.address,
        s1_0.availability_window,
        s1_0.covered,
        s1_0.created_at,
        s1_0.host_id,
        s1_0.hourly_rate,
        s1_0.latitude,
        s1_0.longitude,
        s1_0.slot_type,
        s1_0.title 
    from
        spots s1_0 
    where
        s1_0.id=?
Hibernate: 
    select
        au1_0.id,
        au1_0.created_at,
        au1_0.email,
        au1_0.full_name,
        au1_0.password_hash,
        au1_0.phone,
        au1_0.role,
        w1_0.id,
        w1_0.balance,
        w1_0.updated_at,
        w1_0.user_id 
    from
        app_users au1_0 
    left join
        wallets w1_0 
            on au1_0.id=w1_0.user_id 
    where
        au1_0.id=?
Hibernate: 
    select
        au1_0.id,
        au1_0.created_at,
        au1_0.email,
        au1_0.full_name,
        au1_0.password_hash,
        au1_0.phone,
        au1_0.role,
        w1_0.id,
        w1_0.balance,
        w1_0.updated_at,
        w1_0.user_id 
    from
        app_users au1_0 
    left join
        wallets w1_0 
            on au1_0.id=w1_0.user_id 
    where
        au1_0.id=?
Hibernate: 
    select
        s1_0.id,
        s1_0.address,
        s1_0.availability_window,
        s1_0.covered,
        s1_0.created_at,
        s1_0.host_id,
        s1_0.hourly_rate,
        s1_0.latitude,
        s1_0.longitude,
        s1_0.slot_type,
        s1_0.title 
    from
        spots s1_0 
    order by
        s1_0.created_at desc
Hibernate: 
    select
        b1_0.id,
        b1_0.created_at,
        b1_0.guest_id,
        b1_0.spot_id,
        b1_0.status,
        b1_0.total_amount 
    from
        bookings b1_0 
    left join
        app_users g1_0 
            on g1_0.id=b1_0.guest_id 
    where
        g1_0.id=? 
    order by
        b1_0.created_at desc
Hibernate: 
    select
        au1_0.id,
        au1_0.created_at,
        au1_0.email,
        au1_0.full_name,
        au1_0.password_hash,
        au1_0.phone,
        au1_0.role,
        w1_0.id,
        w1_0.balance,
        w1_0.updated_at,
        w1_0.user_id 
    from
        app_users au1_0 
    left join
        wallets w1_0 
            on au1_0.id=w1_0.user_id 
    where
        au1_0.id=?
Hibernate: 
    select
        au1_0.id,
        au1_0.created_at,
        au1_0.email,
        au1_0.full_name,
        au1_0.password_hash,
        au1_0.phone,
        au1_0.role,
        w1_0.id,
        w1_0.balance,
        w1_0.updated_at,
        w1_0.user_id 
    from
        app_users au1_0 
    left join
        wallets w1_0 
            on au1_0.id=w1_0.user_id 
    where
        au1_0.id=?
Hibernate: 
    select
        s1_0.id,
        s1_0.address,
        s1_0.availability_window,
        s1_0.covered,
        s1_0.created_at,
        s1_0.host_id,
        s1_0.hourly_rate,
        s1_0.latitude,
        s1_0.longitude,
        s1_0.slot_type,
        s1_0.title 
    from
        spots s1_0 
    where
        s1_0.id=?
Hibernate: 
    select
        au1_0.id,
        au1_0.created_at,
        au1_0.email,
        au1_0.full_name,
        au1_0.password_hash,
        au1_0.phone,
        au1_0.role,
        w1_0.id,
        w1_0.balance,
        w1_0.updated_at,
        w1_0.user_id 
    from
        app_users au1_0 
    left join
        wallets w1_0 
            on au1_0.id=w1_0.user_id 
    where
        au1_0.id=?
Hibernate: 
    select
        w1_0.id,
        w1_0.balance,
        w1_0.updated_at,
        w1_0.user_id 
    from
        wallets w1_0 
    left join
        app_users u1_0 
            on u1_0.id=w1_0.user_id 
    where
        u1_0.id=?
Hibernate: 
    select
        au1_0.id,
        au1_0.created_at,
        au1_0.email,
        au1_0.full_name,
        au1_0.password_hash,
        au1_0.phone,
        au1_0.role,
        w1_0.id,
        w1_0.balance,
        w1_0.updated_at,
        w1_0.user_id 
    from
        app_users au1_0 
    left join
        wallets w1_0 
            on au1_0.id=w1_0.user_id 
    where
        au1_0.id=?
Hibernate: 
    select
        b1_0.id,
        b1_0.created_at,
        b1_0.guest_id,
        b1_0.spot_id,
        b1_0.status,
        b1_0.total_amount 
    from
        bookings b1_0 
    left join
        app_users g1_0 
            on g1_0.id=b1_0.guest_id 
    where
        g1_0.id=? 
    order by
        b1_0.created_at desc
Hibernate: 
    select
        s1_0.id,
        s1_0.address,
        s1_0.availability_window,
        s1_0.covered,
        s1_0.created_at,
        s1_0.host_id,
        s1_0.hourly_rate,
        s1_0.latitude,
        s1_0.longitude,
        s1_0.slot_type,
        s1_0.title 
    from
        spots s1_0 
    order by
        s1_0.created_at desc
Hibernate: 
    select
        au1_0.id,
        au1_0.created_at,
        au1_0.email,
        au1_0.full_name,
        au1_0.password_hash,
        au1_0.phone,
        au1_0.role,
        w1_0.id,
        w1_0.balance,
        w1_0.updated_at,
        w1_0.user_id 
    from
        app_users au1_0 
    left join
        wallets w1_0 
            on au1_0.id=w1_0.user_id 
    where
        au1_0.id=?
Hibernate: 
    select
        w1_0.id,
        w1_0.balance,
        w1_0.updated_at,
        w1_0.user_id 
    from
        wallets w1_0 
    left join
        app_users u1_0 
            on u1_0.id=w1_0.user_id 
    where
        u1_0.id=?
Hibernate: 
    select
        s1_0.id,
        s1_0.address,
        s1_0.availability_window,
        s1_0.covered,
        s1_0.created_at,
        s1_0.host_id,
        s1_0.hourly_rate,
        s1_0.latitude,
        s1_0.longitude,
        s1_0.slot_type,
        s1_0.title 
    from
        spots s1_0 
    where
        s1_0.id=?
Hibernate: 
    select
        au1_0.id,
        au1_0.created_at,
        au1_0.email,
        au1_0.full_name,
        au1_0.password_hash,
        au1_0.phone,
        au1_0.role,
        w1_0.id,
        w1_0.balance,
        w1_0.updated_at,
        w1_0.user_id 
    from
        app_users au1_0 
    left join
        wallets w1_0 
            on au1_0.id=w1_0.user_id 
    where
        au1_0.id=?
Hibernate: 
    select
        au1_0.id,
        au1_0.created_at,
        au1_0.email,
        au1_0.full_name,
        au1_0.password_hash,
        au1_0.phone,
        au1_0.role,
        w1_0.id,
        w1_0.balance,
        w1_0.updated_at,
        w1_0.user_id 
    from
        app_users au1_0 
    left join
        wallets w1_0 
            on au1_0.id=w1_0.user_id 
    where
        au1_0.id=?
Hibernate: 
    select
        au1_0.id,
        au1_0.created_at,
        au1_0.email,
        au1_0.full_name,
        au1_0.password_hash,
        au1_0.phone,
        au1_0.role 
    from
        app_users au1_0 
    where
        upper(au1_0.email)=upper(?)
Hibernate: 
    select
        w1_0.id,
        w1_0.balance,
        w1_0.updated_at,
        w1_0.user_id 
    from
        wallets w1_0 
    where
        w1_0.user_id=?
Hibernate: 
    select
        w1_0.id,
        w1_0.balance,
        w1_0.updated_at,
        w1_0.user_id 
    from
        wallets w1_0 
    left join
        app_users u1_0 
            on u1_0.id=w1_0.user_id 
    where
        u1_0.id=?
Hibernate: 
    select
        au1_0.id,
        au1_0.created_at,
        au1_0.email,
        au1_0.full_name,
        au1_0.password_hash,
        au1_0.phone,
        au1_0.role,
        w1_0.id,
        w1_0.balance,
        w1_0.updated_at,
        w1_0.user_id 
    from
        app_users au1_0 
    left join
        wallets w1_0 
            on au1_0.id=w1_0.user_id 
    where
        au1_0.id=?
Hibernate: 
    select
        b1_0.id,
        b1_0.created_at,
        b1_0.guest_id,
        b1_0.spot_id,
        b1_0.status,
        b1_0.total_amount 
    from
        bookings b1_0 
    left join
        spots s1_0 
            on s1_0.id=b1_0.spot_id 
    left join
        app_users h1_0 
            on h1_0.id=s1_0.host_id 
    where
        h1_0.id=? 
    order by
        b1_0.created_at desc
Hibernate: 
    select
        s1_0.id,
        s1_0.address,
        s1_0.availability_window,
        s1_0.covered,
        s1_0.created_at,
        s1_0.host_id,
        s1_0.hourly_rate,
        s1_0.latitude,
        s1_0.longitude,
        s1_0.slot_type,
        s1_0.title 
    from
        spots s1_0 
    left join
        app_users h1_0 
            on h1_0.id=s1_0.host_id 
    where
        h1_0.id=? 
    order by
        s1_0.created_at desc
Hibernate: 
    select
        w1_0.id,
        w1_0.balance,
        w1_0.updated_at,
        w1_0.user_id 
    from
        wallets w1_0 
    left join
        app_users u1_0 
            on u1_0.id=w1_0.user_id 
    where
        u1_0.id=?
Hibernate: 
    select
        au1_0.id,
        au1_0.created_at,
        au1_0.email,
        au1_0.full_name,
        au1_0.password_hash,
        au1_0.phone,
        au1_0.role,
        w1_0.id,
        w1_0.balance,
        w1_0.updated_at,
        w1_0.user_id 
    from
        app_users au1_0 
    left join
        wallets w1_0 
            on au1_0.id=w1_0.user_id 
    where
        au1_0.id=?
Hibernate: 
    select
        au1_0.id,
        au1_0.created_at,
        au1_0.email,
        au1_0.full_name,
        au1_0.password_hash,
        au1_0.phone,
        au1_0.role,
        w1_0.id,
        w1_0.balance,
        w1_0.updated_at,
        w1_0.user_id 
    from
        app_users au1_0 
    left join
        wallets w1_0 
            on au1_0.id=w1_0.user_id 
    where
        au1_0.id=?
Hibernate: 
    select
        s1_0.id,
        s1_0.address,
        s1_0.availability_window,
        s1_0.covered,
        s1_0.created_at,
        s1_0.host_id,
        s1_0.hourly_rate,
        s1_0.latitude,
        s1_0.longitude,
        s1_0.slot_type,
        s1_0.title 
    from
        spots s1_0 
    where
        s1_0.id=?
Hibernate: 
    select
        au1_0.id,
        au1_0.created_at,
        au1_0.email,
        au1_0.full_name,
        au1_0.password_hash,
        au1_0.phone,
        au1_0.role,
        w1_0.id,
        w1_0.balance,
        w1_0.updated_at,
        w1_0.user_id 
    from
        app_users au1_0 
    left join
        wallets w1_0 
            on au1_0.id=w1_0.user_id 
    where
        au1_0.id=?
Hibernate: 
    select
        au1_0.id,
        au1_0.created_at,
        au1_0.email,
        au1_0.full_name,
        au1_0.password_hash,
        au1_0.phone,
        au1_0.role,
        w1_0.id,
        w1_0.balance,
        w1_0.updated_at,
        w1_0.user_id 
    from
        app_users au1_0 
    left join
        wallets w1_0 
            on au1_0.id=w1_0.user_id 
    where
        au1_0.id=?
Hibernate: 
    select
        w1_0.id,
        w1_0.balance,
        w1_0.updated_at,
        w1_0.user_id 
    from
        wallets w1_0 
    left join
        app_users u1_0 
            on u1_0.id=w1_0.user_id 
    where
        u1_0.id=?
Hibernate: 
    select
        s1_0.id,
        s1_0.address,
        s1_0.availability_window,
        s1_0.covered,
        s1_0.created_at,
        s1_0.host_id,
        s1_0.hourly_rate,
        s1_0.latitude,
        s1_0.longitude,
        s1_0.slot_type,
        s1_0.title 
    from
        spots s1_0 
    left join
        app_users h1_0 
            on h1_0.id=s1_0.host_id 
    where
        h1_0.id=? 
    order by
        s1_0.created_at desc
Hibernate: 
    select
        b1_0.id,
        b1_0.created_at,
        b1_0.guest_id,
        b1_0.spot_id,
        b1_0.status,
        b1_0.total_amount 
    from
        bookings b1_0 
    left join
        spots s1_0 
            on s1_0.id=b1_0.spot_id 
    left join
        app_users h1_0 
            on h1_0.id=s1_0.host_id 
    where
        h1_0.id=? 
    order by
        b1_0.created_at desc
Hibernate: 
    select
        au1_0.id,
        au1_0.created_at,
        au1_0.email,
        au1_0.full_name,
        au1_0.password_hash,
        au1_0.phone,
        au1_0.role,
        w1_0.id,
        w1_0.balance,
        w1_0.updated_at,
        w1_0.user_id 
    from
        app_users au1_0 
    left join
        wallets w1_0 
            on au1_0.id=w1_0.user_id 
    where
        au1_0.id=?
Hibernate: 
    select
        au1_0.id,
        au1_0.created_at,
        au1_0.email,
        au1_0.full_name,
        au1_0.password_hash,
        au1_0.phone,
        au1_0.role,
        w1_0.id,
        w1_0.balance,
        w1_0.updated_at,
        w1_0.user_id 
    from
        app_users au1_0 
    left join
        wallets w1_0 
            on au1_0.id=w1_0.user_id 
    where
        au1_0.id=?
Hibernate: 
    select
        s1_0.id,
        s1_0.address,
        s1_0.availability_window,
        s1_0.covered,
        s1_0.created_at,
        s1_0.host_id,
        s1_0.hourly_rate,
        s1_0.latitude,
        s1_0.longitude,
        s1_0.slot_type,
        s1_0.title 
    from
        spots s1_0 
    where
        s1_0.id=?
Hibernate: 
    select
        au1_0.id,
        au1_0.created_at,
        au1_0.email,
        au1_0.full_name,
        au1_0.password_hash,
        au1_0.phone,
        au1_0.role,
        w1_0.id,
        w1_0.balance,
        w1_0.updated_at,
        w1_0.user_id 
    from
        app_users au1_0 
    left join
        wallets w1_0 
            on au1_0.id=w1_0.user_id 
    where
        au1_0.id=?
